2024-11-19 20:09:44 Loading main app package /usr/lib/obsidian/obsidian.asar
2024-11-19 20:09:44 Checking for update using Github
2024-11-19 20:09:45 Success.
2024-11-19 20:09:45 Latest version is 1.7.7
2024-11-19 20:09:45 App is up to date.
2024-11-19 21:02:31 Loading main app package /usr/lib/obsidian/obsidian.asar
2024-11-19 21:02:31 Checking for update using Github
2024-11-19 21:02:32 Success.
2024-11-19 21:02:32 Latest version is 1.7.7
2024-11-19 21:02:32 App is up to date.
2024-11-19 21:06:27 Loading main app package /usr/lib/obsidian/obsidian.asar
2024-11-19 21:06:27 Checking for update using Github
2024-11-19 21:06:28 Success.
2024-11-19 21:06:28 Latest version is 1.7.7
2024-11-19 21:06:28 App is up to date.
2024-11-19 21:41:47 Loading main app package /usr/lib/obsidian/obsidian.asar
2024-11-19 21:41:47 Checking for update using Github
2024-11-19 21:41:47 Success.
2024-11-19 21:41:47 Latest version is 1.7.7
2024-11-19 21:41:47 App is up to date.
2024-11-19 22:10:44 Loading main app package /usr/lib/obsidian/obsidian.asar
2024-11-19 22:10:44 Checking for update using Github
2024-11-19 22:10:44 Success.
2024-11-19 22:10:44 Latest version is 1.7.7
2024-11-19 22:10:44 App is up to date.
2024-11-19 23:10:44 Checking for update using Github
2024-11-19 23:10:44 Success.
2024-11-19 23:10:44 Latest version is 1.7.7
2024-11-19 23:10:44 App is up to date.
2024-12-11 00:07:37 Loading main app package /usr/lib/obsidian/obsidian.asar
2024-12-11 00:07:37 Checking for update using Github
2024-12-11 00:07:37 Success.
2024-12-11 00:07:37 Latest version is 1.7.7
2024-12-11 00:07:37 App is up to date.
2024-12-11 00:30:58 Loading main app package /usr/lib/obsidian/obsidian.asar
2024-12-11 00:30:58 Checking for update using Github
2024-12-11 00:30:59 Success.
2024-12-11 00:30:59 Latest version is 1.7.7
2024-12-11 00:30:59 App is up to date.
2024-12-11 01:30:58 Checking for update using Github
2024-12-11 01:30:58 Success.
2024-12-11 01:30:58 Latest version is 1.7.7
2024-12-11 01:30:58 App is up to date.
2024-12-11 02:30:58 Checking for update using Github
2024-12-11 02:30:59 Success.
2024-12-11 02:30:59 Latest version is 1.7.7
2024-12-11 02:30:59 App is up to date.
2024-12-11 03:30:59 Checking for update using Github
2024-12-11 03:30:59 Success.
2024-12-11 03:30:59 Latest version is 1.7.7
2024-12-11 03:30:59 App is up to date.
2024-12-11 04:30:59 Checking for update using Github
2024-12-11 04:30:59 Success.
2024-12-11 04:30:59 Latest version is 1.7.7
2024-12-11 04:30:59 App is up to date.
2024-12-11 05:30:59 Checking for update using Github
2024-12-11 05:30:59 Success.
2024-12-11 05:30:59 Latest version is 1.7.7
2024-12-11 05:30:59 App is up to date.
2024-12-11 06:30:59 Checking for update using Github
2024-12-11 06:30:59 Success.
2024-12-11 06:30:59 Latest version is 1.7.7
2024-12-11 06:30:59 App is up to date.
2024-12-11 07:30:59 Checking for update using Github
2024-12-11 07:30:59 Success.
2024-12-11 07:30:59 Latest version is 1.7.7
2024-12-11 07:30:59 App is up to date.
2024-12-11 08:30:59 Checking for update using Github
2024-12-11 08:30:59 Success.
2024-12-11 08:30:59 Latest version is 1.7.7
2024-12-11 08:30:59 App is up to date.
2024-12-11 09:30:59 Checking for update using Github
2024-12-11 09:30:59 Success.
2024-12-11 09:30:59 Latest version is 1.7.7
2024-12-11 09:30:59 App is up to date.
2024-12-11 10:30:59 Checking for update using Github
2024-12-11 10:30:59 Success.
2024-12-11 10:30:59 Latest version is 1.7.7
2024-12-11 10:30:59 App is up to date.
2024-12-11 11:30:59 Checking for update using Github
2024-12-11 11:30:59 Success.
2024-12-11 11:30:59 Latest version is 1.7.7
2024-12-11 11:30:59 App is up to date.
2024-12-11 12:30:59 Checking for update using Github
2024-12-11 12:30:59 Success.
2024-12-11 12:30:59 Latest version is 1.7.7
2024-12-11 12:30:59 App is up to date.
2024-12-11 13:30:59 Checking for update using Github
2024-12-11 13:31:00 Success.
2024-12-11 13:31:00 Latest version is 1.7.7
2024-12-11 13:31:00 App is up to date.
2024-12-11 14:30:59 Checking for update using Github
2024-12-11 14:31:00 Success.
2024-12-11 14:31:00 Latest version is 1.7.7
2024-12-11 14:31:00 App is up to date.
2024-12-11 15:30:59 Checking for update using Github
2024-12-11 15:31:00 Success.
2024-12-11 15:31:00 Latest version is 1.7.7
2024-12-11 15:31:00 App is up to date.
2024-12-11 16:31:00 Checking for update using Github
2024-12-11 16:31:00 Success.
2024-12-11 16:31:00 Latest version is 1.7.7
2024-12-11 16:31:00 App is up to date.
2024-12-11 17:31:00 Checking for update using Github
2024-12-11 17:31:00 Success.
2024-12-11 17:31:00 Latest version is 1.7.7
2024-12-11 17:31:00 App is up to date.
2024-12-11 18:31:00 Checking for update using Github
2024-12-11 18:31:00 Success.
2024-12-11 18:31:00 Latest version is 1.7.7
2024-12-11 18:31:00 App is up to date.
2024-12-11 19:31:00 Checking for update using Github
2024-12-11 19:31:00 Success.
2024-12-11 19:31:00 Latest version is 1.7.7
2024-12-11 19:31:00 App is up to date.
2024-12-11 20:31:00 Checking for update using Github
2024-12-11 20:31:00 Success.
2024-12-11 20:31:00 Latest version is 1.7.7
2024-12-11 20:31:00 App is up to date.
2024-12-11 21:31:00 Checking for update using Github
2024-12-11 21:31:00 Success.
2024-12-11 21:31:00 Latest version is 1.7.7
2024-12-11 21:31:00 App is up to date.
2024-12-11 22:31:00 Checking for update using Github
2024-12-11 22:31:00 Success.
2024-12-11 22:31:00 Latest version is 1.7.7
2024-12-11 22:31:00 App is up to date.
2024-12-11 23:31:00 Checking for update using Github
2024-12-11 23:31:00 Success.
2024-12-11 23:31:00 Latest version is 1.7.7
2024-12-11 23:31:00 App is up to date.
2024-12-12 00:31:00 Checking for update using Github
2024-12-12 00:31:00 Success.
2024-12-12 00:31:00 Latest version is 1.7.7
2024-12-12 00:31:00 App is up to date.
2024-12-12 01:31:00 Checking for update using Github
2024-12-12 01:31:00 Success.
2024-12-12 01:31:00 Latest version is 1.7.7
2024-12-12 01:31:00 App is up to date.
2024-12-12 02:31:00 Checking for update using Github
2024-12-12 02:31:00 Success.
2024-12-12 02:31:00 Latest version is 1.7.7
2024-12-12 02:31:00 App is up to date.
2024-12-12 03:31:00 Checking for update using Github
2024-12-12 03:31:00 Success.
2024-12-12 03:31:00 Latest version is 1.7.7
2024-12-12 03:31:00 App is up to date.
2024-12-22 04:32:52 Loading main app package /usr/lib/obsidian/obsidian.asar
2024-12-22 04:32:52 Checking for update using Github
2024-12-22 04:32:53 Success.
2024-12-22 04:32:53 Latest version is 1.7.7
2024-12-22 04:32:53 App is up to date.
2024-12-22 05:32:52 Checking for update using Github
2024-12-22 05:32:52 Success.
2024-12-22 05:32:52 Latest version is 1.7.7
2024-12-22 05:32:52 App is up to date.
2024-12-22 06:32:52 Checking for update using Github
2024-12-22 06:32:52 Success.
2024-12-22 06:32:52 Latest version is 1.7.7
2024-12-22 06:32:52 App is up to date.
2024-12-22 07:32:56 Checking for update using Github
2024-12-22 07:32:56 Success.
2024-12-22 07:32:56 Latest version is 1.7.7
2024-12-22 07:32:56 App is up to date.
2025-01-17 08:07:40 Loading main app package /usr/lib/obsidian/obsidian.asar
2025-01-17 08:07:40 Checking for update using Github
2025-01-17 08:07:40 Success.
2025-01-17 08:07:40 Latest version is 1.7.7
2025-01-17 08:07:40 App is up to date.
2025-01-23 21:39:30 Loading main app package /usr/lib/obsidian/obsidian.asar
2025-01-23 21:39:30 Checking for update using Github
2025-01-23 21:39:30 Success.
2025-01-23 21:39:30 Latest version is 1.7.7
2025-01-23 21:39:30 App is up to date.
2025-01-23 21:46:31 Loading main app package /usr/lib/obsidian/obsidian.asar
2025-01-23 21:46:31 Checking for update using Github
2025-01-23 21:46:31 Success.
2025-01-23 21:46:31 Latest version is 1.7.7
2025-01-23 21:46:31 App is up to date.
2025-01-23 21:48:21 Loading main app package /usr/lib/obsidian/obsidian.asar
2025-01-23 21:48:21 Checking for update using Github
2025-01-23 21:48:21 Success.
2025-01-23 21:48:21 Latest version is 1.7.7
2025-01-23 21:48:21 App is up to date.
2025-01-23 22:48:21 Checking for update using Github
2025-01-23 22:48:21 Success.
2025-01-23 22:48:21 Latest version is 1.7.7
2025-01-23 22:48:21 App is up to date.
2025-01-23 23:48:21 Checking for update using Github
2025-01-23 23:48:21 Success.
2025-01-23 23:48:21 Latest version is 1.7.7
2025-01-23 23:48:21 App is up to date.
2025-01-24 00:48:21 Checking for update using Github
2025-01-24 00:48:21 Success.
2025-01-24 00:48:21 Latest version is 1.7.7
2025-01-24 00:48:21 App is up to date.
2025-01-24 01:24:22 Loading main app package /usr/lib/obsidian/obsidian.asar
2025-01-24 01:24:22 Checking for update using Github
2025-01-24 01:24:22 Success.
2025-01-24 01:24:22 Latest version is 1.7.7
2025-01-24 01:24:22 App is up to date.
2025-02-28 07:13:25 Loading main app package /usr/lib/obsidian/obsidian.asar
2025-02-28 07:13:25 Checking for update using Github
2025-02-28 07:13:25 Success.
2025-02-28 07:13:25 Latest version is 1.8.7
2025-02-28 07:13:25 App is up to date.
2025-02-28 08:13:25 Checking for update using Github
2025-02-28 08:13:25 Success.
2025-02-28 08:13:25 Latest version is 1.8.7
2025-02-28 08:13:25 App is up to date.
2025-02-28 09:13:25 Checking for update using Github
2025-02-28 09:13:25 Success.
2025-02-28 09:13:25 Latest version is 1.8.7
2025-02-28 09:13:25 App is up to date.
2025-02-28 10:13:25 Checking for update using Github
2025-02-28 10:13:25 Success.
2025-02-28 10:13:25 Latest version is 1.8.7
2025-02-28 10:13:25 App is up to date.
2025-04-14 21:32:10 Loading main app package /usr/lib/obsidian/obsidian.asar
2025-04-14 21:32:10 Checking for update using Github
2025-04-14 21:32:10 Success.
2025-04-14 21:32:10 Latest version is 1.8.9
2025-04-14 21:32:10 App is up to date.
2025-04-14 22:32:10 Checking for update using Github
2025-04-14 22:32:10 Success.
2025-04-14 22:32:10 Latest version is 1.8.9
2025-04-14 22:32:10 App is up to date.
2025-04-14 23:32:10 Checking for update using Github
2025-04-14 23:32:10 Success.
2025-04-14 23:32:10 Latest version is 1.8.9
2025-04-14 23:32:10 App is up to date.
2025-04-15 00:32:10 Checking for update using Github
2025-04-15 00:32:10 Success.
2025-04-15 00:32:10 Latest version is 1.8.9
2025-04-15 00:32:10 App is up to date.
2025-04-15 00:37:13 Loading main app package /usr/lib/obsidian/obsidian.asar
2025-04-15 00:37:13 Checking for update using Github
2025-04-15 00:37:13 Success.
2025-04-15 00:37:13 Latest version is 1.8.9
2025-04-15 00:37:13 App is up to date.
2025-04-15 01:37:13 Checking for update using Github
2025-04-15 01:37:39 Success.
2025-04-15 01:37:39 Latest version is 1.8.9
2025-04-15 01:37:39 App is up to date.
2025-04-15 03:43:13 Loading main app package /usr/lib/obsidian/obsidian.asar
2025-04-15 03:43:13 Checking for update using Github
2025-04-15 03:43:13 Success.
2025-04-15 03:43:13 Latest version is 1.8.9
2025-04-15 03:43:13 App is up to date.
2025-04-15 04:43:12 Checking for update using Github
2025-04-15 04:43:12 Success.
2025-04-15 04:43:12 Latest version is 1.8.9
2025-04-15 04:43:12 App is up to date.
2025-04-15 05:43:12 Checking for update using Github
2025-04-15 05:43:12 Success.
2025-04-15 05:43:12 Latest version is 1.8.9
2025-04-15 05:43:12 App is up to date.
2025-04-15 06:43:12 Checking for update using Github
2025-04-15 06:43:12 Success.
2025-04-15 06:43:12 Latest version is 1.8.9
2025-04-15 06:43:12 App is up to date.
2025-04-15 07:43:12 Checking for update using Github
2025-04-15 07:43:12 Success.
2025-04-15 07:43:12 Latest version is 1.8.9
2025-04-15 07:43:12 App is up to date.
2025-04-15 23:11:52 Loading main app package /usr/lib/obsidian/obsidian.asar
2025-04-15 23:11:52 Checking for update using Github
2025-04-15 23:11:52 Success.
2025-04-15 23:11:52 Latest version is 1.8.9
2025-04-15 23:11:52 App is up to date.
2025-04-16 00:11:52 Checking for update using Github
2025-04-16 00:11:52 Success.
2025-04-16 00:11:52 Latest version is 1.8.9
2025-04-16 00:11:52 App is up to date.
2025-04-16 01:36:32 Checking for update using Github
2025-04-16 01:36:32 Success.
2025-04-16 01:36:32 Latest version is 1.8.9
2025-04-16 01:36:32 App is up to date.
2025-04-16 01:47:57 Loading main app package /usr/lib/obsidian/obsidian.asar
2025-04-16 01:47:57 Checking for update using Github
2025-04-16 01:47:57 Success.
2025-04-16 01:47:57 Latest version is 1.8.9
2025-04-16 01:47:57 App is up to date.
2025-04-16 01:55:42 Loading main app package /usr/lib/obsidian/obsidian.asar
2025-04-16 01:55:42 Checking for update using Github
2025-04-16 01:55:42 Success.
2025-04-16 01:55:42 Latest version is 1.8.9
2025-04-16 01:55:42 App is up to date.
2025-04-16 01:56:18 Loading main app package /usr/lib/obsidian/obsidian.asar
2025-04-16 01:56:19 Checking for update using Github
2025-04-16 01:56:19 Success.
2025-04-16 01:56:19 Latest version is 1.8.9
2025-04-16 01:56:19 App is up to date.
2025-04-16 02:56:19 Checking for update using Github
2025-04-16 02:56:19 Success.
2025-04-16 02:56:19 Latest version is 1.8.9
2025-04-16 02:56:19 App is up to date.
2025-04-16 03:56:19 Checking for update using Github
2025-04-16 03:56:19 Success.
2025-04-16 03:56:19 Latest version is 1.8.9
2025-04-16 03:56:19 App is up to date.
2025-04-16 05:14:35 Checking for update using Github
2025-04-16 05:14:35 Success.
2025-04-16 05:14:35 Latest version is 1.8.9
2025-04-16 05:14:35 App is up to date.
2025-04-16 06:07:52 Loading main app package /usr/lib/obsidian/obsidian.asar
2025-04-16 06:07:52 Checking for update using Github
2025-04-16 06:07:53 Success.
2025-04-16 06:07:53 Latest version is 1.8.9
2025-04-16 06:07:53 App is up to date.
2025-04-16 07:07:52 Checking for update using Github
2025-04-16 07:07:52 Success.
2025-04-16 07:07:52 Latest version is 1.8.9
2025-04-16 07:07:52 App is up to date.
2025-04-16 08:07:52 Checking for update using Github
2025-04-16 08:07:52 Success.
2025-04-16 08:07:52 Latest version is 1.8.9
2025-04-16 08:07:52 App is up to date.
2025-04-16 09:07:52 Checking for update using Github
2025-04-16 09:07:52 Success.
2025-04-16 09:07:52 Latest version is 1.8.9
2025-04-16 09:07:52 App is up to date.
2025-04-16 09:28:39 Loading main app package /usr/lib/obsidian/obsidian.asar
2025-04-16 09:28:39 Checking for update using Github
2025-04-16 09:28:39 Success.
2025-04-16 09:28:39 Latest version is 1.8.9
2025-04-16 09:28:39 App is up to date.
2025-04-16 10:28:39 Checking for update using Github
2025-04-16 10:28:39 Success.
2025-04-16 10:28:39 Latest version is 1.8.9
2025-04-16 10:28:39 App is up to date.
2025-04-18 04:55:24 Loading main app package /usr/lib/obsidian/obsidian.asar
2025-04-18 04:55:24 Checking for update using Github
2025-04-18 04:55:25 Success.
2025-04-18 04:55:25 Latest version is 1.8.9
2025-04-18 04:55:25 App is up to date.
2025-04-18 05:55:24 Checking for update using Github
2025-04-18 05:55:24 Success.
2025-04-18 05:55:24 Latest version is 1.8.9
2025-04-18 05:55:24 App is up to date.
2025-04-18 06:55:24 Checking for update using Github
2025-04-18 06:55:24 Success.
2025-04-18 06:55:24 Latest version is 1.8.9
2025-04-18 06:55:24 App is up to date.
2025-04-18 07:55:24 Checking for update using Github
2025-04-18 07:55:24 Success.
2025-04-18 07:55:24 Latest version is 1.8.9
2025-04-18 07:55:24 App is up to date.
2025-04-21 21:00:23 Loading main app package /usr/lib/obsidian/obsidian.asar
2025-04-21 21:00:23 Checking for update using Github
2025-04-21 21:00:23 Success.
2025-04-21 21:00:23 Latest version is 1.8.9
2025-04-21 21:00:23 App is up to date.
2025-04-21 22:00:23 Checking for update using Github
2025-04-21 22:00:23 Success.
2025-04-21 22:00:23 Latest version is 1.8.9
2025-04-21 22:00:23 App is up to date.
2025-04-21 23:00:23 Checking for update using Github
2025-04-21 23:00:23 Success.
2025-04-21 23:00:23 Latest version is 1.8.9
2025-04-21 23:00:23 App is up to date.
2025-04-22 00:00:23 Checking for update using Github
2025-04-22 00:00:23 Success.
2025-04-22 00:00:23 Latest version is 1.8.9
2025-04-22 00:00:23 App is up to date.
2025-04-22 01:00:23 Checking for update using Github
2025-04-22 01:00:23 Success.
2025-04-22 01:00:23 Latest version is 1.8.9
2025-04-22 01:00:23 App is up to date.
2025-04-22 02:00:23 Checking for update using Github
2025-04-22 02:00:23 Success.
2025-04-22 02:00:23 Latest version is 1.8.9
2025-04-22 02:00:23 App is up to date.
2025-04-22 03:00:23 Checking for update using Github
2025-04-22 03:00:23 Success.
2025-04-22 03:00:23 Latest version is 1.8.9
2025-04-22 03:00:23 App is up to date.
2025-04-22 03:17:49 Loading main app package /usr/lib/obsidian/obsidian.asar
2025-04-22 03:17:49 Checking for update using Github
2025-04-22 03:17:49 Success.
2025-04-22 03:17:49 Latest version is 1.8.9
2025-04-22 03:17:49 App is up to date.
2025-04-22 03:20:36 Loading main app package /usr/lib/obsidian/obsidian.asar
2025-04-22 03:20:36 Checking for update using Github
2025-04-22 03:20:36 Success.
2025-04-22 03:20:36 Latest version is 1.8.9
2025-04-22 03:20:36 App is up to date.
2025-04-22 05:51:57 Loading main app package /usr/lib/obsidian/obsidian.asar
2025-04-22 05:51:57 Checking for update using Github
2025-04-22 05:51:57 Success.
2025-04-22 05:51:57 Latest version is 1.8.9
2025-04-22 05:51:57 App is up to date.
2025-04-22 06:51:57 Checking for update using Github
2025-04-22 06:51:57 Success.
2025-04-22 06:51:57 Latest version is 1.8.9
2025-04-22 06:51:57 App is up to date.
2025-04-22 07:51:57 Checking for update using Github
2025-04-22 07:51:57 Success.
2025-04-22 07:51:57 Latest version is 1.8.9
2025-04-22 07:51:57 App is up to date.
2025-04-22 08:51:57 Checking for update using Github
2025-04-22 08:51:57 Success.
2025-04-22 08:51:57 Latest version is 1.8.9
2025-04-22 08:51:57 App is up to date.
2025-04-22 09:51:57 Checking for update using Github
2025-04-22 09:51:57 Success.
2025-04-22 09:51:57 Latest version is 1.8.9
2025-04-22 09:51:57 App is up to date.
2025-04-22 11:06:17 Loading main app package /usr/lib/obsidian/obsidian.asar
2025-04-22 11:06:17 Checking for update using Github
2025-04-22 11:06:17 Success.
2025-04-22 11:06:17 Latest version is 1.8.9
2025-04-22 11:06:17 App is up to date.
2025-04-23 06:46:32 Loading main app package /usr/lib/obsidian/obsidian.asar
2025-04-23 06:46:32 Checking for update using Github
2025-04-23 06:46:32 Success.
2025-04-23 06:46:32 Latest version is 1.8.10
2025-04-23 06:46:32 Downloading update from https://github.com/obsidianmd/obsidian-releases/releases/download/v1.8.10/obsidian-1.8.10.asar.gz
2025-04-23 06:46:35 Verifying hash & signature. Size= 8128788
2025-04-23 06:46:35 Saving file
2025-04-23 06:46:35 Update complete.
2025-04-24 03:38:37 Loading main app package /usr/lib/obsidian/obsidian.asar
2025-04-24 03:38:38 Checking for update using Github
2025-04-24 03:38:38 Success.
2025-04-24 03:38:38 Latest version is 1.8.10
2025-04-24 03:38:38 App is up to date.
2025-04-25 01:58:55 Loading main app package /usr/lib/obsidian/obsidian.asar
2025-04-25 01:58:56 Checking for update using Github
2025-04-25 01:58:56 Success.
2025-04-25 01:58:56 Latest version is 1.8.10
2025-04-25 01:58:56 App is up to date.
2025-04-25 02:12:21 Loading main app package /usr/lib/obsidian/obsidian.asar
2025-04-25 02:12:21 Checking for update using Github
2025-04-25 02:12:27 Success.
2025-04-25 02:12:27 Latest version is 1.8.10
2025-04-25 02:12:27 App is up to date.
